<?xml version="1.0" encoding="UTF-8"?>
<testsuite xmlns:xsi="http://www.w3.org/2001/XMLSchema-instance" xsi:noNamespaceSchemaLocation="https://maven.apache.org/surefire/maven-surefire-plugin/xsd/surefire-test-report-3.0.xsd" version="3.0" name="TestSuite" time="400.203" tests="21" errors="0" skipped="0" failures="16">
  <properties>
[...]
</properties>
  <testcase name="BankPayment" classname="xClubsys.BankPayment" time="8.563"/>
  <testcase name="Reminder" classname="xClubsys.Reminder" time="0.047">
    <failure message="no such element: Unable to locate element: {&quot;method&quot;:&quot;xpath&quot;,&quot;selector&quot;:&quot;(.//*[normalize-space(text()) and normalize-space(.)=&apos;设置&apos;])[1]/following::p[9]&quot;}&#10;  (Session info: chrome=75.0.3770.142)&#10;For documentation on this error, please visit: https://www.seleniumhq.org/exceptions/no_such_element.html&#10;Build info: version: &apos;3.141.59&apos;, revision: &apos;e82be7d358&apos;, time: &apos;2018-11-14T08:17:03&apos;&#10;System info: host: &apos;DESKTOP-ECSMUSF&apos;, ip: &apos;192.168.1.110&apos;, os.name: &apos;Windows 10&apos;, os.arch: &apos;amd64&apos;, os.version: &apos;10.0&apos;, java.version: &apos;1.8.0_221&apos;&#10;Driver info: org.openqa.selenium.chrome.ChromeDriver&#10;Capabilities {acceptInsecureCerts: false, browserName: chrome, browserVersion: 75.0.3770.142, chrome: {chromedriverVersion: 75.0.3770.90 (a6dcaf7e3ec6f..., userDataDir: C:\Users\K2User\AppData\Loc...}, goog:chromeOptions: {debuggerAddress: localhost:62272}, javascriptEnabled: true, networkConnectionEnabled: false, pageLoadStrategy: normal, platform: XP, platformName: XP, proxy: Proxy(), setWindowRect: true, strictFileInteractability: false, timeouts: {implicit: 0, pageLoad: 300000, script: 30000}, unhandledPromptBehavior: dismiss and notify}&#10;Session ID: 76c8ffee0fda58637cc78e327daf9875&#10;*** Element info: {Using=xpath, value=(.//*[normalize-space(text()) and normalize-space(.)=&apos;设置&apos;])[1]/following::p[9]}" type="org.openqa.selenium.NoSuchElementException">org.openqa.selenium.NoSuchElementException: 
no such element: Unable to locate element: {"method":"xpath","selector":"(.//*[normalize-space(text()) and normalize-space(.)='设置'])[1]/following::p[9]"}
  (Session info: chrome=75.0.3770.142)
For documentation on this error, please visit: https://www.seleniumhq.org/exceptions/no_such_element.html
Build info: version: '3.141.59', revision: 'e82be7d358', time: '2018-11-14T08:17:03'
System info: host: 'DESKTOP-ECSMUSF', ip: '192.168.1.110', os.name: 'Windows 10', os.arch: 'amd64', os.version: '10.0', java.version: '1.8.0_221'
Driver info: org.openqa.selenium.chrome.ChromeDriver
Capabilities {acceptInsecureCerts: false, browserName: chrome, browserVersion: 75.0.3770.142, chrome: {chromedriverVersion: 75.0.3770.90 (a6dcaf7e3ec6f..., userDataDir: C:\Users\K2User\AppData\Loc...}, goog:chromeOptions: {debuggerAddress: localhost:62272}, javascriptEnabled: true, networkConnectionEnabled: false, pageLoadStrategy: normal, platform: XP, platformName: XP, proxy: Proxy(), setWindowRect: true, strictFileInteractability: false, timeouts: {implicit: 0, pageLoad: 300000, script: 30000}, unhandledPromptBehavior: dismiss and notify}
Session ID: 76c8ffee0fda58637cc78e327daf9875
*** Element info: {Using=xpath, value=(.//*[normalize-space(text()) and normalize-space(.)='设置'])[1]/following::p[9]}
	at xClubsys.Reminder.Reminder(Reminder.java:49)
</failure>
    <system-err><![CDATA[Starting ChromeDriver 75.0.3770.90 (a6dcaf7e3ec6f70a194cc25e8149475c6590e025-refs/branch-heads/3770@{#1003}) on port 27893
Only local connections are allowed.
Please protect ports used by ChromeDriver and related test frameworks to prevent access by malicious code.
七月 24, 2019 5:22:25 下午 org.openqa.selenium.remote.ProtocolHandshake createSession
信息: Detected dialect: W3C
]]></system-err>
  </testcase>
  <testcase name="RefundableDeposit" classname="xClubsys.RefundableDeposit" time="0.025">
    <failure message="no such element: Unable to locate element: {&quot;method&quot;:&quot;xpath&quot;,&quot;selector&quot;:&quot;(.//*[normalize-space(text()) and normalize-space(.)=&apos;设置&apos;])[1]/following::p[5]&quot;}&#10;  (Session info: chrome=75.0.3770.142)&#10;For documentation on this error, please visit: https://www.seleniumhq.org/exceptions/no_such_element.html&#10;Build info: version: &apos;3.141.59&apos;, revision: &apos;e82be7d358&apos;, time: &apos;2018-11-14T08:17:03&apos;&#10;System info: host: &apos;DESKTOP-ECSMUSF&apos;, ip: &apos;192.168.1.110&apos;, os.name: &apos;Windows 10&apos;, os.arch: &apos;amd64&apos;, os.version: &apos;10.0&apos;, java.version: &apos;1.8.0_221&apos;&#10;Driver info: org.openqa.selenium.chrome.ChromeDriver&#10;Capabilities {acceptInsecureCerts: false, browserName: chrome, browserVersion: 75.0.3770.142, chrome: {chromedriverVersion: 75.0.3770.90 (a6dcaf7e3ec6f..., userDataDir: C:\Users\K2User\AppData\Loc...}, goog:chromeOptions: {debuggerAddress: localhost:62309}, javascriptEnabled: true, networkConnectionEnabled: false, pageLoadStrategy: normal, platform: XP, platformName: XP, proxy: Proxy(), setWindowRect: true, strictFileInteractability: false, timeouts: {implicit: 0, pageLoad: 300000, script: 30000}, unhandledPromptBehavior: dismiss and notify}&#10;Session ID: fe83b9a1936dd701ceae4dcf1baa94f0&#10;*** Element info: {Using=xpath, value=(.//*[normalize-space(text()) and normalize-space(.)=&apos;设置&apos;])[1]/following::p[5]}" type="org.openqa.selenium.NoSuchElementException">org.openqa.selenium.NoSuchElementException: 
no such element: Unable to locate element: {"method":"xpath","selector":"(.//*[normalize-space(text()) and normalize-space(.)='设置'])[1]/following::p[5]"}
  (Session info: chrome=75.0.3770.142)
For documentation on this error, please visit: https://www.seleniumhq.org/exceptions/no_such_element.html
Build info: version: '3.141.59', revision: 'e82be7d358', time: '2018-11-14T08:17:03'
System info: host: 'DESKTOP-ECSMUSF', ip: '192.168.1.110', os.name: 'Windows 10', os.arch: 'amd64', os.version: '10.0', java.version: '1.8.0_221'
Driver info: org.openqa.selenium.chrome.ChromeDriver
Capabilities {acceptInsecureCerts: false, browserName: chrome, browserVersion: 75.0.3770.142, chrome: {chromedriverVersion: 75.0.3770.90 (a6dcaf7e3ec6f..., userDataDir: C:\Users\K2User\AppData\Loc...}, goog:chromeOptions: {debuggerAddress: localhost:62309}, javascriptEnabled: true, networkConnectionEnabled: false, pageLoadStrategy: normal, platform: XP, platformName: XP, proxy: Proxy(), setWindowRect: true, strictFileInteractability: false, timeouts: {implicit: 0, pageLoad: 300000, script: 30000}, unhandledPromptBehavior: dismiss and notify}
Session ID: fe83b9a1936dd701ceae4dcf1baa94f0
*** Element info: {Using=xpath, value=(.//*[normalize-space(text()) and normalize-space(.)='设置'])[1]/following::p[5]}
	at xClubsys.RefundableDeposit.RefundableDeposit(RefundableDeposit.java:49)
</failure>
    <system-err><![CDATA[Starting ChromeDriver 75.0.3770.90 (a6dcaf7e3ec6f70a194cc25e8149475c6590e025-refs/branch-heads/3770@{#1003}) on port 10158
Only local connections are allowed.
Please protect ports used by ChromeDriver and related test frameworks to prevent access by malicious code.
七月 24, 2019 5:22:44 下午 org.openqa.selenium.remote.ProtocolHandshake createSession
信息: Detected dialect: W3C
]]></system-err>
  </testcase>
  <testcase name="RefundableDeposit_AdjustmentRefundableDeposit" classname="xClubsys.RefundableDeposit" time="0.021">
    <failure message="no such element: Unable to locate element: {&quot;method&quot;:&quot;xpath&quot;,&quot;selector&quot;:&quot;(.//*[normalize-space(text()) and normalize-space(.)=&apos;Membership&apos;])[1]/following::h2[1]&quot;}&#10;  (Session info: chrome=75.0.3770.142)&#10;For documentation on this error, please visit: https://www.seleniumhq.org/exceptions/no_such_element.html&#10;Build info: version: &apos;3.141.59&apos;, revision: &apos;e82be7d358&apos;, time: &apos;2018-11-14T08:17:03&apos;&#10;System info: host: &apos;DESKTOP-ECSMUSF&apos;, ip: &apos;192.168.1.110&apos;, os.name: &apos;Windows 10&apos;, os.arch: &apos;amd64&apos;, os.version: &apos;10.0&apos;, java.version: &apos;1.8.0_221&apos;&#10;Driver info: org.openqa.selenium.chrome.ChromeDriver&#10;Capabilities {acceptInsecureCerts: false, browserName: chrome, browserVersion: 75.0.3770.142, chrome: {chromedriverVersion: 75.0.3770.90 (a6dcaf7e3ec6f..., userDataDir: C:\Users\K2User\AppData\Loc...}, goog:chromeOptions: {debuggerAddress: localhost:62309}, javascriptEnabled: true, networkConnectionEnabled: false, pageLoadStrategy: normal, platform: XP, platformName: XP, proxy: Proxy(), setWindowRect: true, strictFileInteractability: false, timeouts: {implicit: 0, pageLoad: 300000, script: 30000}, unhandledPromptBehavior: dismiss and notify}&#10;Session ID: fe83b9a1936dd701ceae4dcf1baa94f0&#10;*** Element info: {Using=xpath, value=(.//*[normalize-space(text()) and normalize-space(.)=&apos;Membership&apos;])[1]/following::h2[1]}" type="org.openqa.selenium.NoSuchElementException">org.openqa.selenium.NoSuchElementException: 
no such element: Unable to locate element: {"method":"xpath","selector":"(.//*[normalize-space(text()) and normalize-space(.)='Membership'])[1]/following::h2[1]"}
  (Session info: chrome=75.0.3770.142)
For documentation on this error, please visit: https://www.seleniumhq.org/exceptions/no_such_element.html
Build info: version: '3.141.59', revision: 'e82be7d358', time: '2018-11-14T08:17:03'
System info: host: 'DESKTOP-ECSMUSF', ip: '192.168.1.110', os.name: 'Windows 10', os.arch: 'amd64', os.version: '10.0', java.version: '1.8.0_221'
Driver info: org.openqa.selenium.chrome.ChromeDriver
Capabilities {acceptInsecureCerts: false, browserName: chrome, browserVersion: 75.0.3770.142, chrome: {chromedriverVersion: 75.0.3770.90 (a6dcaf7e3ec6f..., userDataDir: C:\Users\K2User\AppData\Loc...}, goog:chromeOptions: {debuggerAddress: localhost:62309}, javascriptEnabled: true, networkConnectionEnabled: false, pageLoadStrategy: normal, platform: XP, platformName: XP, proxy: Proxy(), setWindowRect: true, strictFileInteractability: false, timeouts: {implicit: 0, pageLoad: 300000, script: 30000}, unhandledPromptBehavior: dismiss and notify}
Session ID: fe83b9a1936dd701ceae4dcf1baa94f0
*** Element info: {Using=xpath, value=(.//*[normalize-space(text()) and normalize-space(.)='Membership'])[1]/following::h2[1]}
	at xClubsys.RefundableDeposit.RefundableDeposit_AdjustmentRefundableDeposit(RefundableDeposit.java:89)
</failure>
  </testcase>
  <testcase name="PaymentHistory" classname="xClubsys.PaymentHistory" time="28.043"/>
  <testcase name="RepeatingDebitNote" classname="xClubsys.RepeatingDebitNote" time="0.024">
    <failure message="no such element: Unable to locate element: {&quot;method&quot;:&quot;xpath&quot;,&quot;selector&quot;:&quot;(.//*[normalize-space(text()) and normalize-space(.)=&apos;设置&apos;])[1]/following::p[3]&quot;}&#10;  (Session info: chrome=75.0.3770.142)&#10;For documentation on this error, please visit: https://www.seleniumhq.org/exceptions/no_such_element.html&#10;Build info: version: &apos;3.141.59&apos;, revision: &apos;e82be7d358&apos;, time: &apos;2018-11-14T08:17:03&apos;&#10;System info: host: &apos;DESKTOP-ECSMUSF&apos;, ip: &apos;192.168.1.110&apos;, os.name: &apos;Windows 10&apos;, os.arch: &apos;amd64&apos;, os.version: &apos;10.0&apos;, java.version: &apos;1.8.0_221&apos;&#10;Driver info: org.openqa.selenium.chrome.ChromeDriver&#10;Capabilities {acceptInsecureCerts: false, browserName: chrome, browserVersion: 75.0.3770.142, chrome: {chromedriverVersion: 75.0.3770.90 (a6dcaf7e3ec6f..., userDataDir: C:\Users\K2User\AppData\Loc...}, goog:chromeOptions: {debuggerAddress: localhost:62398}, javascriptEnabled: true, networkConnectionEnabled: false, pageLoadStrategy: normal, platform: XP, platformName: XP, proxy: Proxy(), setWindowRect: true, strictFileInteractability: false, timeouts: {implicit: 0, pageLoad: 300000, script: 30000}, unhandledPromptBehavior: dismiss and notify}&#10;Session ID: 151df3528608471c522a5fbea599078b&#10;*** Element info: {Using=xpath, value=(.//*[normalize-space(text()) and normalize-space(.)=&apos;设置&apos;])[1]/following::p[3]}" type="org.openqa.selenium.NoSuchElementException">org.openqa.selenium.NoSuchElementException: 
no such element: Unable to locate element: {"method":"xpath","selector":"(.//*[normalize-space(text()) and normalize-space(.)='设置'])[1]/following::p[3]"}
  (Session info: chrome=75.0.3770.142)
For documentation on this error, please visit: https://www.seleniumhq.org/exceptions/no_such_element.html
Build info: version: '3.141.59', revision: 'e82be7d358', time: '2018-11-14T08:17:03'
System info: host: 'DESKTOP-ECSMUSF', ip: '192.168.1.110', os.name: 'Windows 10', os.arch: 'amd64', os.version: '10.0', java.version: '1.8.0_221'
Driver info: org.openqa.selenium.chrome.ChromeDriver
Capabilities {acceptInsecureCerts: false, browserName: chrome, browserVersion: 75.0.3770.142, chrome: {chromedriverVersion: 75.0.3770.90 (a6dcaf7e3ec6f..., userDataDir: C:\Users\K2User\AppData\Loc...}, goog:chromeOptions: {debuggerAddress: localhost:62398}, javascriptEnabled: true, networkConnectionEnabled: false, pageLoadStrategy: normal, platform: XP, platformName: XP, proxy: Proxy(), setWindowRect: true, strictFileInteractability: false, timeouts: {implicit: 0, pageLoad: 300000, script: 30000}, unhandledPromptBehavior: dismiss and notify}
Session ID: 151df3528608471c522a5fbea599078b
*** Element info: {Using=xpath, value=(.//*[normalize-space(text()) and normalize-space(.)='设置'])[1]/following::p[3]}
	at xClubsys.RepeatingDebitNote.RepeatingDebitNote(RepeatingDebitNote.java:50)
</failure>
    <system-err><![CDATA[Starting ChromeDriver 75.0.3770.90 (a6dcaf7e3ec6f70a194cc25e8149475c6590e025-refs/branch-heads/3770@{#1003}) on port 1037
Only local connections are allowed.
Please protect ports used by ChromeDriver and related test frameworks to prevent access by malicious code.
七月 24, 2019 5:24:00 下午 org.openqa.selenium.remote.ProtocolHandshake createSession
信息: Detected dialect: W3C
]]></system-err>
  </testcase>
  <testcase name="RepeatingDebitNote_NewRepeatingDebitNote" classname="xClubsys.RepeatingDebitNote" time="0.02">
    <failure message="no such element: Unable to locate element: {&quot;method&quot;:&quot;xpath&quot;,&quot;selector&quot;:&quot;(.//*[normalize-space(text()) and normalize-space(.)=&apos;Membership&apos;])[1]/following::h2[1]&quot;}&#10;  (Session info: chrome=75.0.3770.142)&#10;For documentation on this error, please visit: https://www.seleniumhq.org/exceptions/no_such_element.html&#10;Build info: version: &apos;3.141.59&apos;, revision: &apos;e82be7d358&apos;, time: &apos;2018-11-14T08:17:03&apos;&#10;System info: host: &apos;DESKTOP-ECSMUSF&apos;, ip: &apos;192.168.1.110&apos;, os.name: &apos;Windows 10&apos;, os.arch: &apos;amd64&apos;, os.version: &apos;10.0&apos;, java.version: &apos;1.8.0_221&apos;&#10;Driver info: org.openqa.selenium.chrome.ChromeDriver&#10;Capabilities {acceptInsecureCerts: false, browserName: chrome, browserVersion: 75.0.3770.142, chrome: {chromedriverVersion: 75.0.3770.90 (a6dcaf7e3ec6f..., userDataDir: C:\Users\K2User\AppData\Loc...}, goog:chromeOptions: {debuggerAddress: localhost:62398}, javascriptEnabled: true, networkConnectionEnabled: false, pageLoadStrategy: normal, platform: XP, platformName: XP, proxy: Proxy(), setWindowRect: true, strictFileInteractability: false, timeouts: {implicit: 0, pageLoad: 300000, script: 30000}, unhandledPromptBehavior: dismiss and notify}&#10;Session ID: 151df3528608471c522a5fbea599078b&#10;*** Element info: {Using=xpath, value=(.//*[normalize-space(text()) and normalize-space(.)=&apos;Membership&apos;])[1]/following::h2[1]}" type="org.openqa.selenium.NoSuchElementException">org.openqa.selenium.NoSuchElementException: 
no such element: Unable to locate element: {"method":"xpath","selector":"(.//*[normalize-space(text()) and normalize-space(.)='Membership'])[1]/following::h2[1]"}
  (Session info: chrome=75.0.3770.142)
For documentation on this error, please visit: https://www.seleniumhq.org/exceptions/no_such_element.html
Build info: version: '3.141.59', revision: 'e82be7d358', time: '2018-11-14T08:17:03'
System info: host: 'DESKTOP-ECSMUSF', ip: '192.168.1.110', os.name: 'Windows 10', os.arch: 'amd64', os.version: '10.0', java.version: '1.8.0_221'
Driver info: org.openqa.selenium.chrome.ChromeDriver
Capabilities {acceptInsecureCerts: false, browserName: chrome, browserVersion: 75.0.3770.142, chrome: {chromedriverVersion: 75.0.3770.90 (a6dcaf7e3ec6f..., userDataDir: C:\Users\K2User\AppData\Loc...}, goog:chromeOptions: {debuggerAddress: localhost:62398}, javascriptEnabled: true, networkConnectionEnabled: false, pageLoadStrategy: normal, platform: XP, platformName: XP, proxy: Proxy(), setWindowRect: true, strictFileInteractability: false, timeouts: {implicit: 0, pageLoad: 300000, script: 30000}, unhandledPromptBehavior: dismiss and notify}
Session ID: 151df3528608471c522a5fbea599078b
*** Element info: {Using=xpath, value=(.//*[normalize-space(text()) and normalize-space(.)='Membership'])[1]/following::h2[1]}
	at xClubsys.RepeatingDebitNote.RepeatingDebitNote_NewRepeatingDebitNote(RepeatingDebitNote.java:154)
</failure>
  </testcase>
  <testcase name="PostingGL" classname="xClubsys.PostingGL" time="0.019">
    <failure message="no such element: Unable to locate element: {&quot;method&quot;:&quot;css selector&quot;,&quot;selector&quot;:&quot;[ng-if=&apos;sub\.subMenus\.length&apos;]:nth-child(2) ._md:nth-of-type(10) .ng-binding&quot;}&#10;  (Session info: chrome=75.0.3770.142)&#10;For documentation on this error, please visit: https://www.seleniumhq.org/exceptions/no_such_element.html&#10;Build info: version: &apos;3.141.59&apos;, revision: &apos;e82be7d358&apos;, time: &apos;2018-11-14T08:17:03&apos;&#10;System info: host: &apos;DESKTOP-ECSMUSF&apos;, ip: &apos;192.168.1.110&apos;, os.name: &apos;Windows 10&apos;, os.arch: &apos;amd64&apos;, os.version: &apos;10.0&apos;, java.version: &apos;1.8.0_221&apos;&#10;Driver info: org.openqa.selenium.chrome.ChromeDriver&#10;Capabilities {acceptInsecureCerts: false, browserName: chrome, browserVersion: 75.0.3770.142, chrome: {chromedriverVersion: 75.0.3770.90 (a6dcaf7e3ec6f..., userDataDir: C:\Users\K2User\AppData\Loc...}, goog:chromeOptions: {debuggerAddress: localhost:62433}, javascriptEnabled: true, networkConnectionEnabled: false, pageLoadStrategy: normal, platform: XP, platformName: XP, proxy: Proxy(), setWindowRect: true, strictFileInteractability: false, timeouts: {implicit: 0, pageLoad: 300000, script: 30000}, unhandledPromptBehavior: dismiss and notify}&#10;Session ID: 303e467cecb88878b70db8804ff36ce0&#10;*** Element info: {Using=css selector, value=[ng-if=&apos;sub\.subMenus\.length&apos;]:nth-child(2) ._md:nth-of-type(10) .ng-binding}" type="org.openqa.selenium.NoSuchElementException">org.openqa.selenium.NoSuchElementException: 
no such element: Unable to locate element: {"method":"css selector","selector":"[ng-if='sub\.subMenus\.length']:nth-child(2) ._md:nth-of-type(10) .ng-binding"}
  (Session info: chrome=75.0.3770.142)
For documentation on this error, please visit: https://www.seleniumhq.org/exceptions/no_such_element.html
Build info: version: '3.141.59', revision: 'e82be7d358', time: '2018-11-14T08:17:03'
System info: host: 'DESKTOP-ECSMUSF', ip: '192.168.1.110', os.name: 'Windows 10', os.arch: 'amd64', os.version: '10.0', java.version: '1.8.0_221'
Driver info: org.openqa.selenium.chrome.ChromeDriver
Capabilities {acceptInsecureCerts: false, browserName: chrome, browserVersion: 75.0.3770.142, chrome: {chromedriverVersion: 75.0.3770.90 (a6dcaf7e3ec6f..., userDataDir: C:\Users\K2User\AppData\Loc...}, goog:chromeOptions: {debuggerAddress: localhost:62433}, javascriptEnabled: true, networkConnectionEnabled: false, pageLoadStrategy: normal, platform: XP, platformName: XP, proxy: Proxy(), setWindowRect: true, strictFileInteractability: false, timeouts: {implicit: 0, pageLoad: 300000, script: 30000}, unhandledPromptBehavior: dismiss and notify}
Session ID: 303e467cecb88878b70db8804ff36ce0
*** Element info: {Using=css selector, value=[ng-if='sub\.subMenus\.length']:nth-child(2) ._md:nth-of-type(10) .ng-binding}
	at xClubsys.PostingGL.PostingGL(PostingGL.java:49)
</failure>
    <system-err><![CDATA[Starting ChromeDriver 75.0.3770.90 (a6dcaf7e3ec6f70a194cc25e8149475c6590e025-refs/branch-heads/3770@{#1003}) on port 41986
Only local connections are allowed.
Please protect ports used by ChromeDriver and related test frameworks to prevent access by malicious code.
七月 24, 2019 5:24:21 下午 org.openqa.selenium.remote.ProtocolHandshake createSession
信息: Detected dialect: W3C
]]></system-err>
  </testcase>
  <testcase name="RefundTransactions" classname="xClubsys.RefundTransactions" time="0.025">
    <failure message="no such element: Unable to locate element: {&quot;method&quot;:&quot;xpath&quot;,&quot;selector&quot;:&quot;(.//*[normalize-space(text()) and normalize-space(.)=&apos;设置&apos;])[1]/following::p[10]&quot;}&#10;  (Session info: chrome=75.0.3770.142)&#10;For documentation on this error, please visit: https://www.seleniumhq.org/exceptions/no_such_element.html&#10;Build info: version: &apos;3.141.59&apos;, revision: &apos;e82be7d358&apos;, time: &apos;2018-11-14T08:17:03&apos;&#10;System info: host: &apos;DESKTOP-ECSMUSF&apos;, ip: &apos;192.168.1.110&apos;, os.name: &apos;Windows 10&apos;, os.arch: &apos;amd64&apos;, os.version: &apos;10.0&apos;, java.version: &apos;1.8.0_221&apos;&#10;Driver info: org.openqa.selenium.chrome.ChromeDriver&#10;Capabilities {acceptInsecureCerts: false, browserName: chrome, browserVersion: 75.0.3770.142, chrome: {chromedriverVersion: 75.0.3770.90 (a6dcaf7e3ec6f..., userDataDir: C:\Users\K2User\AppData\Loc...}, goog:chromeOptions: {debuggerAddress: localhost:62470}, javascriptEnabled: true, networkConnectionEnabled: false, pageLoadStrategy: normal, platform: XP, platformName: XP, proxy: Proxy(), setWindowRect: true, strictFileInteractability: false, timeouts: {implicit: 0, pageLoad: 300000, script: 30000}, unhandledPromptBehavior: dismiss and notify}&#10;Session ID: 51fe68db4b5ca40aab5b0bd52d9089bf&#10;*** Element info: {Using=xpath, value=(.//*[normalize-space(text()) and normalize-space(.)=&apos;设置&apos;])[1]/following::p[10]}" type="org.openqa.selenium.NoSuchElementException">org.openqa.selenium.NoSuchElementException: 
no such element: Unable to locate element: {"method":"xpath","selector":"(.//*[normalize-space(text()) and normalize-space(.)='设置'])[1]/following::p[10]"}
  (Session info: chrome=75.0.3770.142)
For documentation on this error, please visit: https://www.seleniumhq.org/exceptions/no_such_element.html
Build info: version: '3.141.59', revision: 'e82be7d358', time: '2018-11-14T08:17:03'
System info: host: 'DESKTOP-ECSMUSF', ip: '192.168.1.110', os.name: 'Windows 10', os.arch: 'amd64', os.version: '10.0', java.version: '1.8.0_221'
Driver info: org.openqa.selenium.chrome.ChromeDriver
Capabilities {acceptInsecureCerts: false, browserName: chrome, browserVersion: 75.0.3770.142, chrome: {chromedriverVersion: 75.0.3770.90 (a6dcaf7e3ec6f..., userDataDir: C:\Users\K2User\AppData\Loc...}, goog:chromeOptions: {debuggerAddress: localhost:62470}, javascriptEnabled: true, networkConnectionEnabled: false, pageLoadStrategy: normal, platform: XP, platformName: XP, proxy: Proxy(), setWindowRect: true, strictFileInteractability: false, timeouts: {implicit: 0, pageLoad: 300000, script: 30000}, unhandledPromptBehavior: dismiss and notify}
Session ID: 51fe68db4b5ca40aab5b0bd52d9089bf
*** Element info: {Using=xpath, value=(.//*[normalize-space(text()) and normalize-space(.)='设置'])[1]/following::p[10]}
	at xClubsys.RefundTransactions.RefundTransactions(RefundTransactions.java:49)
</failure>
    <system-err><![CDATA[Starting ChromeDriver 75.0.3770.90 (a6dcaf7e3ec6f70a194cc25e8149475c6590e025-refs/branch-heads/3770@{#1003}) on port 19644
Only local connections are allowed.
Please protect ports used by ChromeDriver and related test frameworks to prevent access by malicious code.
七月 24, 2019 5:24:45 下午 org.openqa.selenium.remote.ProtocolHandshake createSession
信息: Detected dialect: W3C
]]></system-err>
  </testcase>
  <testcase name="DebitNoteModule" classname="xClubsys.DebitNoteModule" time="33.191"/>
  <testcase name="DebitNote_BatchImport_Page" classname="xClubsys.DebitNoteModule" time="0.066">
    <failure message="no such element: Unable to locate element: {&quot;method&quot;:&quot;xpath&quot;,&quot;selector&quot;:&quot;(.//*[normalize-space(text()) and normalize-space(.)=&apos;Import your debit notes&apos;])[1]/following::span[1]&quot;}&#10;  (Session info: chrome=75.0.3770.142)&#10;For documentation on this error, please visit: https://www.seleniumhq.org/exceptions/no_such_element.html&#10;Build info: version: &apos;3.141.59&apos;, revision: &apos;e82be7d358&apos;, time: &apos;2018-11-14T08:17:03&apos;&#10;System info: host: &apos;DESKTOP-ECSMUSF&apos;, ip: &apos;192.168.1.110&apos;, os.name: &apos;Windows 10&apos;, os.arch: &apos;amd64&apos;, os.version: &apos;10.0&apos;, java.version: &apos;1.8.0_221&apos;&#10;Driver info: org.openqa.selenium.chrome.ChromeDriver&#10;Capabilities {acceptInsecureCerts: false, browserName: chrome, browserVersion: 75.0.3770.142, chrome: {chromedriverVersion: 75.0.3770.90 (a6dcaf7e3ec6f..., userDataDir: C:\Users\K2User\AppData\Loc...}, goog:chromeOptions: {debuggerAddress: localhost:62502}, javascriptEnabled: true, networkConnectionEnabled: false, pageLoadStrategy: normal, platform: XP, platformName: XP, proxy: Proxy(), setWindowRect: true, strictFileInteractability: false, timeouts: {implicit: 0, pageLoad: 300000, script: 30000}, unhandledPromptBehavior: dismiss and notify}&#10;Session ID: 77d8fb159f678f30ae1bf1df6b897c86&#10;*** Element info: {Using=xpath, value=(.//*[normalize-space(text()) and normalize-space(.)=&apos;Import your debit notes&apos;])[1]/following::span[1]}" type="org.openqa.selenium.NoSuchElementException">org.openqa.selenium.NoSuchElementException: 
no such element: Unable to locate element: {"method":"xpath","selector":"(.//*[normalize-space(text()) and normalize-space(.)='Import your debit notes'])[1]/following::span[1]"}
  (Session info: chrome=75.0.3770.142)
For documentation on this error, please visit: https://www.seleniumhq.org/exceptions/no_such_element.html
Build info: version: '3.141.59', revision: 'e82be7d358', time: '2018-11-14T08:17:03'
System info: host: 'DESKTOP-ECSMUSF', ip: '192.168.1.110', os.name: 'Windows 10', os.arch: 'amd64', os.version: '10.0', java.version: '1.8.0_221'
Driver info: org.openqa.selenium.chrome.ChromeDriver
Capabilities {acceptInsecureCerts: false, browserName: chrome, browserVersion: 75.0.3770.142, chrome: {chromedriverVersion: 75.0.3770.90 (a6dcaf7e3ec6f..., userDataDir: C:\Users\K2User\AppData\Loc...}, goog:chromeOptions: {debuggerAddress: localhost:62502}, javascriptEnabled: true, networkConnectionEnabled: false, pageLoadStrategy: normal, platform: XP, platformName: XP, proxy: Proxy(), setWindowRect: true, strictFileInteractability: false, timeouts: {implicit: 0, pageLoad: 300000, script: 30000}, unhandledPromptBehavior: dismiss and notify}
Session ID: 77d8fb159f678f30ae1bf1df6b897c86
*** Element info: {Using=xpath, value=(.//*[normalize-space(text()) and normalize-space(.)='Import your debit notes'])[1]/following::span[1]}
	at xClubsys.DebitNoteModule.DebitNote_BatchImport_Page(DebitNoteModule.java:736)
</failure>
  </testcase>
  <testcase name="DebitNote_NewDebitNote" classname="xClubsys.DebitNoteModule" time="0.057">
    <failure message="no such element: Unable to locate element: {&quot;method&quot;:&quot;xpath&quot;,&quot;selector&quot;:&quot;(.//*[normalize-space(text()) and normalize-space(.)=&apos;New Debit Note&apos;])[1]/following::h4[1]&quot;}&#10;  (Session info: chrome=75.0.3770.142)&#10;For documentation on this error, please visit: https://www.seleniumhq.org/exceptions/no_such_element.html&#10;Build info: version: &apos;3.141.59&apos;, revision: &apos;e82be7d358&apos;, time: &apos;2018-11-14T08:17:03&apos;&#10;System info: host: &apos;DESKTOP-ECSMUSF&apos;, ip: &apos;192.168.1.110&apos;, os.name: &apos;Windows 10&apos;, os.arch: &apos;amd64&apos;, os.version: &apos;10.0&apos;, java.version: &apos;1.8.0_221&apos;&#10;Driver info: org.openqa.selenium.chrome.ChromeDriver&#10;Capabilities {acceptInsecureCerts: false, browserName: chrome, browserVersion: 75.0.3770.142, chrome: {chromedriverVersion: 75.0.3770.90 (a6dcaf7e3ec6f..., userDataDir: C:\Users\K2User\AppData\Loc...}, goog:chromeOptions: {debuggerAddress: localhost:62502}, javascriptEnabled: true, networkConnectionEnabled: false, pageLoadStrategy: normal, platform: XP, platformName: XP, proxy: Proxy(), setWindowRect: true, strictFileInteractability: false, timeouts: {implicit: 0, pageLoad: 300000, script: 30000}, unhandledPromptBehavior: dismiss and notify}&#10;Session ID: 77d8fb159f678f30ae1bf1df6b897c86&#10;*** Element info: {Using=xpath, value=(.//*[normalize-space(text()) and normalize-space(.)=&apos;New Debit Note&apos;])[1]/following::h4[1]}" type="org.openqa.selenium.NoSuchElementException">org.openqa.selenium.NoSuchElementException: 
no such element: Unable to locate element: {"method":"xpath","selector":"(.//*[normalize-space(text()) and normalize-space(.)='New Debit Note'])[1]/following::h4[1]"}
  (Session info: chrome=75.0.3770.142)
For documentation on this error, please visit: https://www.seleniumhq.org/exceptions/no_such_element.html
Build info: version: '3.141.59', revision: 'e82be7d358', time: '2018-11-14T08:17:03'
System info: host: 'DESKTOP-ECSMUSF', ip: '192.168.1.110', os.name: 'Windows 10', os.arch: 'amd64', os.version: '10.0', java.version: '1.8.0_221'
Driver info: org.openqa.selenium.chrome.ChromeDriver
Capabilities {acceptInsecureCerts: false, browserName: chrome, browserVersion: 75.0.3770.142, chrome: {chromedriverVersion: 75.0.3770.90 (a6dcaf7e3ec6f..., userDataDir: C:\Users\K2User\AppData\Loc...}, goog:chromeOptions: {debuggerAddress: localhost:62502}, javascriptEnabled: true, networkConnectionEnabled: false, pageLoadStrategy: normal, platform: XP, platformName: XP, proxy: Proxy(), setWindowRect: true, strictFileInteractability: false, timeouts: {implicit: 0, pageLoad: 300000, script: 30000}, unhandledPromptBehavior: dismiss and notify}
Session ID: 77d8fb159f678f30ae1bf1df6b897c86
*** Element info: {Using=xpath, value=(.//*[normalize-space(text()) and normalize-space(.)='New Debit Note'])[1]/following::h4[1]}
	at xClubsys.DebitNoteModule.DebitNote_NewDebitNote(DebitNoteModule.java:548)
</failure>
  </testcase>
  <testcase name="tearDown" classname="xClubsys.DebitNoteModule" time="0.876">
    <failure message="java.lang.AssertionError: expected [Debit Note List] but found [Import your debit notes]java.lang.AssertionError: expected [Debit Note List] but found [New Debit Note]" type="java.lang.AssertionError">java.lang.AssertionError: java.lang.AssertionError: expected [Debit Note List] but found [Import your debit notes]java.lang.AssertionError: expected [Debit Note List] but found [New Debit Note]
	at xClubsys.DebitNoteModule.tearDown(DebitNoteModule.java:820)
</failure>
  </testcase>
  <testcase name="Instalment" classname="xClubsys.Instalment" time="0.021">
    <failure message="no such element: Unable to locate element: {&quot;method&quot;:&quot;xpath&quot;,&quot;selector&quot;:&quot;(.//*[normalize-space(text()) and normalize-space(.)=&apos;设置&apos;])[1]/following::p[6]&quot;}&#10;  (Session info: chrome=75.0.3770.142)&#10;For documentation on this error, please visit: https://www.seleniumhq.org/exceptions/no_such_element.html&#10;Build info: version: &apos;3.141.59&apos;, revision: &apos;e82be7d358&apos;, time: &apos;2018-11-14T08:17:03&apos;&#10;System info: host: &apos;DESKTOP-ECSMUSF&apos;, ip: &apos;192.168.1.110&apos;, os.name: &apos;Windows 10&apos;, os.arch: &apos;amd64&apos;, os.version: &apos;10.0&apos;, java.version: &apos;1.8.0_221&apos;&#10;Driver info: org.openqa.selenium.chrome.ChromeDriver&#10;Capabilities {acceptInsecureCerts: false, browserName: chrome, browserVersion: 75.0.3770.142, chrome: {chromedriverVersion: 75.0.3770.90 (a6dcaf7e3ec6f..., userDataDir: C:\Users\K2User\AppData\Loc...}, goog:chromeOptions: {debuggerAddress: localhost:62549}, javascriptEnabled: true, networkConnectionEnabled: false, pageLoadStrategy: normal, platform: XP, platformName: XP, proxy: Proxy(), setWindowRect: true, strictFileInteractability: false, timeouts: {implicit: 0, pageLoad: 300000, script: 30000}, unhandledPromptBehavior: dismiss and notify}&#10;Session ID: 6a999d3f9ddab6cc6d723ee34c4925a6&#10;*** Element info: {Using=xpath, value=(.//*[normalize-space(text()) and normalize-space(.)=&apos;设置&apos;])[1]/following::p[6]}" type="org.openqa.selenium.NoSuchElementException">org.openqa.selenium.NoSuchElementException: 
no such element: Unable to locate element: {"method":"xpath","selector":"(.//*[normalize-space(text()) and normalize-space(.)='设置'])[1]/following::p[6]"}
  (Session info: chrome=75.0.3770.142)
For documentation on this error, please visit: https://www.seleniumhq.org/exceptions/no_such_element.html
Build info: version: '3.141.59', revision: 'e82be7d358', time: '2018-11-14T08:17:03'
System info: host: 'DESKTOP-ECSMUSF', ip: '192.168.1.110', os.name: 'Windows 10', os.arch: 'amd64', os.version: '10.0', java.version: '1.8.0_221'
Driver info: org.openqa.selenium.chrome.ChromeDriver
Capabilities {acceptInsecureCerts: false, browserName: chrome, browserVersion: 75.0.3770.142, chrome: {chromedriverVersion: 75.0.3770.90 (a6dcaf7e3ec6f..., userDataDir: C:\Users\K2User\AppData\Loc...}, goog:chromeOptions: {debuggerAddress: localhost:62549}, javascriptEnabled: true, networkConnectionEnabled: false, pageLoadStrategy: normal, platform: XP, platformName: XP, proxy: Proxy(), setWindowRect: true, strictFileInteractability: false, timeouts: {implicit: 0, pageLoad: 300000, script: 30000}, unhandledPromptBehavior: dismiss and notify}
Session ID: 6a999d3f9ddab6cc6d723ee34c4925a6
*** Element info: {Using=xpath, value=(.//*[normalize-space(text()) and normalize-space(.)='设置'])[1]/following::p[6]}
	at xClubsys.Instalment.Instalment(Instalment.java:48)
</failure>
    <system-err><![CDATA[Starting ChromeDriver 75.0.3770.90 (a6dcaf7e3ec6f70a194cc25e8149475c6590e025-refs/branch-heads/3770@{#1003}) on port 25351
Only local connections are allowed.
Please protect ports used by ChromeDriver and related test frameworks to prevent access by malicious code.
七月 24, 2019 5:25:56 下午 org.openqa.selenium.remote.ProtocolHandshake createSession
信息: Detected dialect: W3C
]]></system-err>
  </testcase>
  <testcase name="CreditNote" classname="xClubsys.CreditNote" time="0.034">
    <failure message="no such element: Unable to locate element: {&quot;method&quot;:&quot;xpath&quot;,&quot;selector&quot;:&quot;(.//*[normalize-space(text()) and normalize-space(.)=&apos;设置&apos;])[1]/following::p[4]&quot;}&#10;  (Session info: chrome=75.0.3770.142)&#10;For documentation on this error, please visit: https://www.seleniumhq.org/exceptions/no_such_element.html&#10;Build info: version: &apos;3.141.59&apos;, revision: &apos;e82be7d358&apos;, time: &apos;2018-11-14T08:17:03&apos;&#10;System info: host: &apos;DESKTOP-ECSMUSF&apos;, ip: &apos;192.168.1.110&apos;, os.name: &apos;Windows 10&apos;, os.arch: &apos;amd64&apos;, os.version: &apos;10.0&apos;, java.version: &apos;1.8.0_221&apos;&#10;Driver info: org.openqa.selenium.chrome.ChromeDriver&#10;Capabilities {acceptInsecureCerts: false, browserName: chrome, browserVersion: 75.0.3770.142, chrome: {chromedriverVersion: 75.0.3770.90 (a6dcaf7e3ec6f..., userDataDir: C:\Users\K2User\AppData\Loc...}, goog:chromeOptions: {debuggerAddress: localhost:62585}, javascriptEnabled: true, networkConnectionEnabled: false, pageLoadStrategy: normal, platform: XP, platformName: XP, proxy: Proxy(), setWindowRect: true, strictFileInteractability: false, timeouts: {implicit: 0, pageLoad: 300000, script: 30000}, unhandledPromptBehavior: dismiss and notify}&#10;Session ID: 7562ab2243e1145a87e91d3e2310cd0d&#10;*** Element info: {Using=xpath, value=(.//*[normalize-space(text()) and normalize-space(.)=&apos;设置&apos;])[1]/following::p[4]}" type="org.openqa.selenium.NoSuchElementException">org.openqa.selenium.NoSuchElementException: 
no such element: Unable to locate element: {"method":"xpath","selector":"(.//*[normalize-space(text()) and normalize-space(.)='设置'])[1]/following::p[4]"}
  (Session info: chrome=75.0.3770.142)
For documentation on this error, please visit: https://www.seleniumhq.org/exceptions/no_such_element.html
Build info: version: '3.141.59', revision: 'e82be7d358', time: '2018-11-14T08:17:03'
System info: host: 'DESKTOP-ECSMUSF', ip: '192.168.1.110', os.name: 'Windows 10', os.arch: 'amd64', os.version: '10.0', java.version: '1.8.0_221'
Driver info: org.openqa.selenium.chrome.ChromeDriver
Capabilities {acceptInsecureCerts: false, browserName: chrome, browserVersion: 75.0.3770.142, chrome: {chromedriverVersion: 75.0.3770.90 (a6dcaf7e3ec6f..., userDataDir: C:\Users\K2User\AppData\Loc...}, goog:chromeOptions: {debuggerAddress: localhost:62585}, javascriptEnabled: true, networkConnectionEnabled: false, pageLoadStrategy: normal, platform: XP, platformName: XP, proxy: Proxy(), setWindowRect: true, strictFileInteractability: false, timeouts: {implicit: 0, pageLoad: 300000, script: 30000}, unhandledPromptBehavior: dismiss and notify}
Session ID: 7562ab2243e1145a87e91d3e2310cd0d
*** Element info: {Using=xpath, value=(.//*[normalize-space(text()) and normalize-space(.)='设置'])[1]/following::p[4]}
	at xClubsys.CreditNote.CreditNote(CreditNote.java:49)
</failure>
    <system-err><![CDATA[Starting ChromeDriver 75.0.3770.90 (a6dcaf7e3ec6f70a194cc25e8149475c6590e025-refs/branch-heads/3770@{#1003}) on port 48643
Only local connections are allowed.
Please protect ports used by ChromeDriver and related test frameworks to prevent access by malicious code.
七月 24, 2019 5:26:20 下午 org.openqa.selenium.remote.ProtocolHandshake createSession
信息: Detected dialect: W3C
]]></system-err>
  </testcase>
  <testcase name="CreditNote_BatchImport_Page" classname="xClubsys.CreditNote" time="0.032">
    <failure message="no such element: Unable to locate element: {&quot;method&quot;:&quot;xpath&quot;,&quot;selector&quot;:&quot;(.//*[normalize-space(text()) and normalize-space(.)=&apos;Import your credit notes&apos;])[1]/following::span[1]&quot;}&#10;  (Session info: chrome=75.0.3770.142)&#10;For documentation on this error, please visit: https://www.seleniumhq.org/exceptions/no_such_element.html&#10;Build info: version: &apos;3.141.59&apos;, revision: &apos;e82be7d358&apos;, time: &apos;2018-11-14T08:17:03&apos;&#10;System info: host: &apos;DESKTOP-ECSMUSF&apos;, ip: &apos;192.168.1.110&apos;, os.name: &apos;Windows 10&apos;, os.arch: &apos;amd64&apos;, os.version: &apos;10.0&apos;, java.version: &apos;1.8.0_221&apos;&#10;Driver info: org.openqa.selenium.chrome.ChromeDriver&#10;Capabilities {acceptInsecureCerts: false, browserName: chrome, browserVersion: 75.0.3770.142, chrome: {chromedriverVersion: 75.0.3770.90 (a6dcaf7e3ec6f..., userDataDir: C:\Users\K2User\AppData\Loc...}, goog:chromeOptions: {debuggerAddress: localhost:62585}, javascriptEnabled: true, networkConnectionEnabled: false, pageLoadStrategy: normal, platform: XP, platformName: XP, proxy: Proxy(), setWindowRect: true, strictFileInteractability: false, timeouts: {implicit: 0, pageLoad: 300000, script: 30000}, unhandledPromptBehavior: dismiss and notify}&#10;Session ID: 7562ab2243e1145a87e91d3e2310cd0d&#10;*** Element info: {Using=xpath, value=(.//*[normalize-space(text()) and normalize-space(.)=&apos;Import your credit notes&apos;])[1]/following::span[1]}" type="org.openqa.selenium.NoSuchElementException">org.openqa.selenium.NoSuchElementException: 
no such element: Unable to locate element: {"method":"xpath","selector":"(.//*[normalize-space(text()) and normalize-space(.)='Import your credit notes'])[1]/following::span[1]"}
  (Session info: chrome=75.0.3770.142)
For documentation on this error, please visit: https://www.seleniumhq.org/exceptions/no_such_element.html
Build info: version: '3.141.59', revision: 'e82be7d358', time: '2018-11-14T08:17:03'
System info: host: 'DESKTOP-ECSMUSF', ip: '192.168.1.110', os.name: 'Windows 10', os.arch: 'amd64', os.version: '10.0', java.version: '1.8.0_221'
Driver info: org.openqa.selenium.chrome.ChromeDriver
Capabilities {acceptInsecureCerts: false, browserName: chrome, browserVersion: 75.0.3770.142, chrome: {chromedriverVersion: 75.0.3770.90 (a6dcaf7e3ec6f..., userDataDir: C:\Users\K2User\AppData\Loc...}, goog:chromeOptions: {debuggerAddress: localhost:62585}, javascriptEnabled: true, networkConnectionEnabled: false, pageLoadStrategy: normal, platform: XP, platformName: XP, proxy: Proxy(), setWindowRect: true, strictFileInteractability: false, timeouts: {implicit: 0, pageLoad: 300000, script: 30000}, unhandledPromptBehavior: dismiss and notify}
Session ID: 7562ab2243e1145a87e91d3e2310cd0d
*** Element info: {Using=xpath, value=(.//*[normalize-space(text()) and normalize-space(.)='Import your credit notes'])[1]/following::span[1]}
	at xClubsys.CreditNote.CreditNote_BatchImport_Page(CreditNote.java:427)
</failure>
  </testcase>
  <testcase name="CreditNote_NewCreaditNote" classname="xClubsys.CreditNote" time="0.021">
    <failure message="no such element: Unable to locate element: {&quot;method&quot;:&quot;xpath&quot;,&quot;selector&quot;:&quot;(.//*[normalize-space(text()) and normalize-space(.)=&apos;Membership&apos;])[1]/following::h2[1]&quot;}&#10;  (Session info: chrome=75.0.3770.142)&#10;For documentation on this error, please visit: https://www.seleniumhq.org/exceptions/no_such_element.html&#10;Build info: version: &apos;3.141.59&apos;, revision: &apos;e82be7d358&apos;, time: &apos;2018-11-14T08:17:03&apos;&#10;System info: host: &apos;DESKTOP-ECSMUSF&apos;, ip: &apos;192.168.1.110&apos;, os.name: &apos;Windows 10&apos;, os.arch: &apos;amd64&apos;, os.version: &apos;10.0&apos;, java.version: &apos;1.8.0_221&apos;&#10;Driver info: org.openqa.selenium.chrome.ChromeDriver&#10;Capabilities {acceptInsecureCerts: false, browserName: chrome, browserVersion: 75.0.3770.142, chrome: {chromedriverVersion: 75.0.3770.90 (a6dcaf7e3ec6f..., userDataDir: C:\Users\K2User\AppData\Loc...}, goog:chromeOptions: {debuggerAddress: localhost:62585}, javascriptEnabled: true, networkConnectionEnabled: false, pageLoadStrategy: normal, platform: XP, platformName: XP, proxy: Proxy(), setWindowRect: true, strictFileInteractability: false, timeouts: {implicit: 0, pageLoad: 300000, script: 30000}, unhandledPromptBehavior: dismiss and notify}&#10;Session ID: 7562ab2243e1145a87e91d3e2310cd0d&#10;*** Element info: {Using=xpath, value=(.//*[normalize-space(text()) and normalize-space(.)=&apos;Membership&apos;])[1]/following::h2[1]}" type="org.openqa.selenium.NoSuchElementException">org.openqa.selenium.NoSuchElementException: 
no such element: Unable to locate element: {"method":"xpath","selector":"(.//*[normalize-space(text()) and normalize-space(.)='Membership'])[1]/following::h2[1]"}
  (Session info: chrome=75.0.3770.142)
For documentation on this error, please visit: https://www.seleniumhq.org/exceptions/no_such_element.html
Build info: version: '3.141.59', revision: 'e82be7d358', time: '2018-11-14T08:17:03'
System info: host: 'DESKTOP-ECSMUSF', ip: '192.168.1.110', os.name: 'Windows 10', os.arch: 'amd64', os.version: '10.0', java.version: '1.8.0_221'
Driver info: org.openqa.selenium.chrome.ChromeDriver
Capabilities {acceptInsecureCerts: false, browserName: chrome, browserVersion: 75.0.3770.142, chrome: {chromedriverVersion: 75.0.3770.90 (a6dcaf7e3ec6f..., userDataDir: C:\Users\K2User\AppData\Loc...}, goog:chromeOptions: {debuggerAddress: localhost:62585}, javascriptEnabled: true, networkConnectionEnabled: false, pageLoadStrategy: normal, platform: XP, platformName: XP, proxy: Proxy(), setWindowRect: true, strictFileInteractability: false, timeouts: {implicit: 0, pageLoad: 300000, script: 30000}, unhandledPromptBehavior: dismiss and notify}
Session ID: 7562ab2243e1145a87e91d3e2310cd0d
*** Element info: {Using=xpath, value=(.//*[normalize-space(text()) and normalize-space(.)='Membership'])[1]/following::h2[1]}
	at xClubsys.CreditNote.CreditNote_NewCreaditNote(CreditNote.java:519)
</failure>
  </testcase>
  <testcase name="StatementEnquiry" classname="xClubsys.StatementEnquiry" time="23.634"/>
  <testcase name="MemberSubscriptionFee" classname="xClubsys.MemberSubscriptionFee" time="10.834"/>
  <testcase name="BankReturnPay" classname="xClubsys.BankReturnPay" time="4.231">
    <failure message="no such element: Unable to locate element: {&quot;method&quot;:&quot;xpath&quot;,&quot;selector&quot;:&quot;//div[2]/div/a&quot;}&#10;  (Session info: chrome=75.0.3770.142)&#10;For documentation on this error, please visit: https://www.seleniumhq.org/exceptions/no_such_element.html&#10;Build info: version: &apos;3.141.59&apos;, revision: &apos;e82be7d358&apos;, time: &apos;2018-11-14T08:17:03&apos;&#10;System info: host: &apos;DESKTOP-ECSMUSF&apos;, ip: &apos;192.168.1.110&apos;, os.name: &apos;Windows 10&apos;, os.arch: &apos;amd64&apos;, os.version: &apos;10.0&apos;, java.version: &apos;1.8.0_221&apos;&#10;Driver info: org.openqa.selenium.chrome.ChromeDriver&#10;Capabilities {acceptInsecureCerts: false, browserName: chrome, browserVersion: 75.0.3770.142, chrome: {chromedriverVersion: 75.0.3770.90 (a6dcaf7e3ec6f..., userDataDir: C:\Users\K2User\AppData\Loc...}, goog:chromeOptions: {debuggerAddress: localhost:62712}, javascriptEnabled: true, networkConnectionEnabled: false, pageLoadStrategy: normal, platform: XP, platformName: XP, proxy: Proxy(), setWindowRect: true, strictFileInteractability: false, timeouts: {implicit: 0, pageLoad: 300000, script: 30000}, unhandledPromptBehavior: dismiss and notify}&#10;Session ID: 63b3c1b4e1a39f8f7daffd07453de775&#10;*** Element info: {Using=xpath, value=//div[2]/div/a}" type="org.openqa.selenium.NoSuchElementException">org.openqa.selenium.NoSuchElementException: 
no such element: Unable to locate element: {"method":"xpath","selector":"//div[2]/div/a"}
  (Session info: chrome=75.0.3770.142)
For documentation on this error, please visit: https://www.seleniumhq.org/exceptions/no_such_element.html
Build info: version: '3.141.59', revision: 'e82be7d358', time: '2018-11-14T08:17:03'
System info: host: 'DESKTOP-ECSMUSF', ip: '192.168.1.110', os.name: 'Windows 10', os.arch: 'amd64', os.version: '10.0', java.version: '1.8.0_221'
Driver info: org.openqa.selenium.chrome.ChromeDriver
Capabilities {acceptInsecureCerts: false, browserName: chrome, browserVersion: 75.0.3770.142, chrome: {chromedriverVersion: 75.0.3770.90 (a6dcaf7e3ec6f..., userDataDir: C:\Users\K2User\AppData\Loc...}, goog:chromeOptions: {debuggerAddress: localhost:62712}, javascriptEnabled: true, networkConnectionEnabled: false, pageLoadStrategy: normal, platform: XP, platformName: XP, proxy: Proxy(), setWindowRect: true, strictFileInteractability: false, timeouts: {implicit: 0, pageLoad: 300000, script: 30000}, unhandledPromptBehavior: dismiss and notify}
Session ID: 63b3c1b4e1a39f8f7daffd07453de775
*** Element info: {Using=xpath, value=//div[2]/div/a}
	at xClubsys.BankReturnPay.BankReturnPay(BankReturnPay.java:74)
</failure>
    <system-err><![CDATA[Starting ChromeDriver 75.0.3770.90 (a6dcaf7e3ec6f70a194cc25e8149475c6590e025-refs/branch-heads/3770@{#1003}) on port 5538
Only local connections are allowed.
Please protect ports used by ChromeDriver and related test frameworks to prevent access by malicious code.
七月 24, 2019 5:28:04 下午 org.openqa.selenium.remote.ProtocolHandshake createSession
信息: Detected dialect: W3C
]]></system-err>
  </testcase>
  <testcase name="tearDown" classname="xClubsys.BankReturnPay" time="4.24">
    <failure message="java.lang.AssertionError: expected [ALL] but found [CREDIT CARD]java.lang.AssertionError: expected [DRAFT] but found [GIRO]java.lang.AssertionError: expected [Debit Note List] but found [Credit Card Return]" type="java.lang.AssertionError">java.lang.AssertionError: java.lang.AssertionError: expected [ALL] but found [CREDIT CARD]java.lang.AssertionError: expected [DRAFT] but found [GIRO]java.lang.AssertionError: expected [Debit Note List] but found [Credit Card Return]
	at xClubsys.BankReturnPay.tearDown(BankReturnPay.java:192)
</failure>
  </testcase>
</testsuite>